HOME='/Users/nicolaw'
LANG='en_GB.UTF-8'
LOGNAME='nicolaw'
MAIL='/var/mail/nicolaw'
PATH='/usr/local/bin:/usr/bin:/bin:/usr/sbin:/sbin:/usr/local/bin:/Applications/Server.app/Contents/ServerRoot/usr/bin:/Applications/Server.app/Contents/ServerRoot/usr/sbin:/usr/local/MacGPG2/bin'
PS1='\u@\h:\w $ '
PWD='/Users/nicolaw/sharexbmc'
SHELL='/bin/bash'
SHLVL='2'
SSH_AUTH_SOCK='/tmp/ssh-cd7wfJj2TW/agent.28314'
SSH_CLIENT='90.155.50.209 58273 22'
SSH_CONNECTION='90.155.50.209 58273 90.155.50.212 22'
SSH_TTY='/dev/ttys004'
STY='28323.ttys004.melissa'
TERM='screen'
TERMCAP='SC|screen|VT 100/ANSI X3.64 virtual terminal:\
	:DO=\E[%dB:LE=\E[%dD:RI=\E[%dC:UP=\E[%dA:bs:bt=\E[Z:\
	:cd=\E[J:ce=\E[K:cl=\E[H\E[J:cm=\E[%i%d;%dH:ct=\E[3g:\
	:do=^J:nd=\E[C:pt:rc=\E8:rs=\Ec:sc=\E7:st=\EH:up=\EM:\
	:le=^H:bl=^G:cr=^M:it#8:ho=\E[H:nw=\EE:ta=^I:is=\E)0:\
	:li#33:co#104:am:xn:xv:LP:sr=\EM:al=\E[L:AL=\E[%dL:\
	:dl=\E[M:DL=\E[%dM:dc=\E[P:DC=\E[%dP:im=\E[4h:ei=\E[4l:\
	:mi:IC=\E[%d@:ks=\E[?1h\E=:ke=\E[?1l\E>:vi=\E[?25l:\
	:ve=\E[34h\E[?25h:vs=\E[34l:ti=\E[?1049h:te=\E[?1049l:\
	:us=\E[4m:ue=\E[24m:so=\E[3m:se=\E[23m:mb=\E[5m:\
	:md=\E[1m:mr=\E[7m:me=\E[m:ms:\
	:Co#8:pa#64:AF=\E[3%dm:AB=\E[4%dm:op=\E[39;49m:AX:\
	:as=\E(0:ae=\E(B:\
	:ac=\140\140aaffggjjkkllmmnnooppqqrrssttuuvvwwxxyyzz{{||}}~~..--++,,hhII00:\
	:po=\E[5i:pf=\E[4i:k0=\E[10~:k1=\EOP:k2=\EOQ:k3=\EOR:\
	:k4=\EOS:k5=\E[15~:k6=\E[17~:k7=\E[18~:k8=\E[19~:\
	:k9=\E[20~:k;=\E[21~:F1=\E[23~:F2=\E[24~:kb=^H:kB=\E[Z:\
	:kh=\E[1~:@1=\E[1~:kH=\E[4~:@7=\E[4~:kN=\E[6~:kP=\E[5~:\
	:kI=\E[2~:kD=\E[3~:ku=\EOA:kd=\EOB:kr=\EOC:kl=\EOD:'
TMPDIR='/var/folders/pf/hnb_qjzd7b1fbh9k_fqrjg9h0000gn/T/'
USER='nicolaw'
VERSIONER_PERL_PREFER_32_BIT='no'
VERSIONER_PERL_VERSION='5.16'
WINDOW='0'
_='./sharexbmc.pl'
__CF_USER_TEXT_ENCODING='0x1F5:0:0'
