AutoLoader.pm
B.pm
B/Deparse.pm
Carp.pm
Carp/Heavy.pm
Class/Struct.pm
Config.pm
Config_git.pl
Config_heavy.pl
Cwd.pm
DBD/SQLite.pm
DBI.pm
DB_File.pm
Dancer.pm
Dancer/App.pm
Dancer/Config.pm
Dancer/Config/Object.pm
Dancer/Continuation.pm
Dancer/Continuation/Halted.pm
Dancer/Continuation/Route.pm
Dancer/Continuation/Route/ErrorSent.pm
Dancer/Continuation/Route/FileSent.pm
Dancer/Continuation/Route/Forwarded.pm
Dancer/Continuation/Route/Passed.pm
Dancer/Continuation/Route/Templated.pm
Dancer/Cookie.pm
Dancer/Cookies.pm
Dancer/Deprecation.pm
Dancer/Engine.pm
Dancer/Error.pm
Dancer/Exception.pm
Dancer/Exception/BadConfigMethod.pm
Dancer/Exception/Base.pm
Dancer/Exception/Core.pm
Dancer/Exception/Core/App.pm
Dancer/Exception/Core/Config.pm
Dancer/Exception/Core/Deprecation.pm
Dancer/Exception/Core/Engine.pm
Dancer/Exception/Core/Factory.pm
Dancer/Exception/Core/Factory/Hook.pm
Dancer/Exception/Core/Fileutils.pm
Dancer/Exception/Core/Handler.pm
Dancer/Exception/Core/Handler/PSGI.pm
Dancer/Exception/Core/Hook.pm
Dancer/Exception/Core/Plugin.pm
Dancer/Exception/Core/Renderer.pm
Dancer/Exception/Core/Request.pm
Dancer/Exception/Core/Route.pm
Dancer/Exception/Core/Serializer.pm
Dancer/Exception/Core/Session.pm
Dancer/Exception/Core/Template.pm
Dancer/Factory/Hook.pm
Dancer/FileUtils.pm
Dancer/GetOpt.pm
Dancer/HTTP.pm
Dancer/Handler.pm
Dancer/Hook.pm
Dancer/Hook/Properties.pm
Dancer/Logger.pm
Dancer/Logger/Abstract.pm
Dancer/Logger/Console.pm
Dancer/MIME.pm
Dancer/ModuleLoader.pm
Dancer/Object.pm
Dancer/Object/Singleton.pm
Dancer/Plugin.pm
Dancer/Plugin/Database.pm
Dancer/Plugin/Database/Core.pm
Dancer/Plugin/Database/Core/Handle.pm
Dancer/Renderer.pm
Dancer/Request.pm
Dancer/Request/Upload.pm
Dancer/Response.pm
Dancer/Route.pm
Dancer/Route/Registry.pm
Dancer/Serializer.pm
Dancer/Serializer/Abstract.pm
Dancer/Serializer/Dumper.pm
Dancer/Serializer/JSON.pm
Dancer/Serializer/Mutable.pm
Dancer/Serializer/XML.pm
Dancer/Serializer/YAML.pm
Dancer/Session.pm
Dancer/SharedData.pm
Dancer/Template.pm
Dancer/Template/Abstract.pm
Dancer/Template/Simple.pm
Dancer/Template/TemplateToolkit.pm
Dancer/Timer.pm
Data/Dumper.pm
DynaLoader.pm
Encode.pm
Encode/Alias.pm
Encode/Config.pm
Encode/Encoding.pm
Errno.pm
Exporter.pm
Exporter/Heavy.pm
Fatal.pm
Fcntl.pm
File/Basename.pm
File/Path.pm
File/Spec.pm
File/Spec/Functions.pm
File/Spec/Unix.pm
File/Temp.pm
File/stat.pm
FindBin.pm
Getopt/Long.pm
HTTP/Body.pm
HTTP/Body/MultiPart.pm
HTTP/Body/OctetStream.pm
HTTP/Body/UrlEncoded.pm
HTTP/Body/XForms.pm
HTTP/Body/XFormsMultipart.pm
HTTP/Date.pm
HTTP/Headers.pm
HTTP/Message.pm
HTTP/Request.pm
HTTP/Response.pm
HTTP/Status.pm
IO.pm
IO/File.pm
IO/Handle.pm
IO/Seekable.pm
IPC/Open2.pm
IPC/Open3.pm
Image/Magick.pm
LWP.pm
LWP/MemberMixin.pm
LWP/Protocol.pm
LWP/UserAgent.pm
List/Util.pm
MIME/Base64.pm
MIME/Type.pm
MIME/Types.pm
Memoize.pm
Module/Runtime.pm
POSIX.pm
PerlIO.pm
PerlIO/encoding.pm
Pod/Escapes.pm
Pod/InputObjects.pm
Pod/Parser.pm
Pod/Select.pm
Pod/Simple.pm
Pod/Simple/BlackBox.pm
Pod/Simple/HTML.pm
Pod/Simple/LinkSection.pm
Pod/Simple/PullParser.pm
Pod/Simple/PullParserEndToken.pm
Pod/Simple/PullParserStartToken.pm
Pod/Simple/PullParserTextToken.pm
Pod/Simple/PullParserToken.pm
Pod/Text.pm
Pod/Usage.pm
Scalar/Util.pm
SelectSaver.pm
Storable.pm
Sub/Name.pm
Symbol.pm
Template.pm
Template/Base.pm
Template/Config.pm
Template/Constants.pm
Template/Context.pm
Template/Document.pm
Template/Exception.pm
Template/Filters.pm
Template/Plugins.pm
Template/Provider.pm
Template/Service.pm
Template/Stash.pm
Template/Stash/XS.pm
Template/VMethods.pm
Tie/Hash.pm
Tie/Hash/NamedCapture.pm
Tie/RefHash.pm
Time/HiRes.pm
Time/Local.pm
Try/Tiny.pm
URI.pm
URI/Escape.pm
Varz.pm
XSLoader.pm
YAML.pm
YAML/Loader.pm
YAML/Loader/Base.pm
YAML/Mo.pm
YAML/Node.pm
YAML/Tag.pm
YAML/Types.pm
autodie.pm
base.pm
bytes.pm
constant.pm
feature.pm
integer.pm
lib.pm
locale.pm
overload.pm
overloading.pm
re.pm
strict.pm
unicore/Heavy.pl
unicore/lib/Perl/SpacePer.pl
unicore/lib/Perl/Word.pl
unicore/lib/Perl/_PerlIDS.pl
utf8.pm
utf8_heavy.pl
vars.pm
version.pm
warnings.pm
warnings/register.pm
